npm warn config optional Use `--omit=optional` to exclude optional dependencies, or
npm warn config `--include=optional` to include them.
npm warn config
npm warn config       Default value does install optional deps unless otherwise omitted.

> @settler/react-settler@0.1.0 typecheck
> tsc --noEmit

src/compiler.tsx(25,3): error TS6133: 'component' is declared but its value is never read.
src/compiler.tsx(45,9): error TS6133: 'Wrapper' is declared but its value is never read.
src/components/ErrorBoundary.tsx(6,8): error TS6133: 'React' is declared but its value is never read.
src/components/MobileDashboard.tsx(38,10): error TS6133: 'filters' is declared but its value is never read.
src/components/MobileDashboard.tsx(53,6): error TS2375: Type '{ children: Element; className: string | undefined; }' is not assignable to type 'ReconciliationDashboardProps' with 'exactOptionalPropertyTypes: true'. Consider adding 'undefined' to the types of the target's properties.
  Types of property 'className' are incompatible.
    Type 'string | undefined' is not assignable to type 'string'.
      Type 'undefined' is not assignable to type 'string'.
src/components/MobileDashboard.tsx(194,16): error TS2375: Type '{ transactions: ReconciliationTransaction[]; onSelect: ((tx: ReconciliationTransaction) => void) | undefined; }' is not assignable to type 'TransactionTableProps' with 'exactOptionalPropertyTypes: true'. Consider adding 'undefined' to the types of the target's properties.
  Types of property 'onSelect' are incompatible.
    Type '((tx: ReconciliationTransaction) => void) | undefined' is not assignable to type '(transaction: ReconciliationTransaction) => void'.
      Type 'undefined' is not assignable to type '(transaction: ReconciliationTransaction) => void'.
src/components/MobileDashboard.tsx(226,16): error TS2375: Type '{ exceptions: ReconciliationException[]; onResolve: ((exc: ReconciliationException) => void) | undefined; }' is not assignable to type 'ExceptionTableProps' with 'exactOptionalPropertyTypes: true'. Consider adding 'undefined' to the types of the target's properties.
  Types of property 'onResolve' are incompatible.
    Type '((exc: ReconciliationException) => void) | undefined' is not assignable to type '(exception: ReconciliationException) => void'.
      Type 'undefined' is not assignable to type '(exception: ReconciliationException) => void'.
src/components/ReconciliationDashboard.tsx(6,8): error TS6133: 'React' is declared but its value is never read.
src/components/ReconciliationDashboard.tsx(21,6): error TS2375: Type '{ children: Element; mode: CompilationMode | undefined; config: Partial<ReconciliationConfig> | undefined; }' is not assignable to type 'CompilationProviderProps' with 'exactOptionalPropertyTypes: true'. Consider adding 'undefined' to the types of the target's properties.
  Types of property 'mode' are incompatible.
    Type 'CompilationMode | undefined' is not assignable to type 'CompilationMode'.
      Type 'undefined' is not assignable to type 'CompilationMode'.
src/components/RuleSet.tsx(6,8): error TS6133: 'React' is declared but its value is never read.
src/components/RuleSet.tsx(9,3): error TS6133: 'ReconciliationRule' is declared but its value is never read.
npm error Lifecycle script `typecheck` failed with error:
npm error code 1
npm error path /workspace/packages/react-settler
npm error workspace @settler/react-settler@0.1.0
npm error location /workspace/packages/react-settler
npm error command failed
npm error command sh -c tsc --noEmit
